19:58:36 **** Incremental Build of configuration Debug for project DIO_input ****
make all 
Building file: ../main.c
Invoking: AVR Compiler
avr-gcc -Wall -g2 -gstabs -O0 -fpack-struct -fshort-enums -ffunction-sections -fdata-sections -std=gnu99 -funsigned-char -funsigned-bitfields -mmcu=atmega32 -DF_CPU=8000000UL -MMD -MP -MF"main.d" -MT"main.o" -c -o "main.o" "../main.c"
In file included from ../main.c:9:
c:/users/mgismail/desktop/personal development/embbedded system/imt es diploma/imt_sdk_win_64/winavr/lib/gcc/../../avr/include/util/delay.h:90:3: warning: #warning "Compiler optimizations disabled; functions from <util/delay.h> won't work as designed"
Finished building: ../main.c
 
Building target: DIO_input.elf
Invoking: AVR C Linker
avr-gcc -Wl,-Map,DIO_input.map -mmcu=atmega32 -o "DIO_input.elf"  ./main.o   
Finished building target: DIO_input.elf
 
Invoking: AVR Create Extended Listing
avr-objdump -h -S DIO_input.elf  >"DIO_input.lss"
Finished building: DIO_input.lss
 
Create Flash image (ihex format)
avr-objcopy -R .eeprom -R .fuse -R .lock -R .signature -O ihex DIO_input.elf  "DIO_input.hex"
Finished building: DIO_input.hex
 
Invoking: Print Size
avr-size --format=avr --mcu=atmega32 DIO_input.elf
AVR Memory Usage
----------------
Device: atmega32

Program:     198 bytes (0.6% Full)
(.text + .data + .bootloader)

Data:          0 bytes (0.0% Full)
(.data + .bss + .noinit)


Finished building: sizedummy
 

19:58:38 Build Finished (took 1s.761ms)

