01:24:51 **** Incremental Build of configuration Debug for project DIO_7Segment ****
make all 
Building file: ../main.c
Invoking: AVR Compiler
avr-gcc -Wall -g2 -gstabs -O0 -fpack-struct -fshort-enums -ffunction-sections -fdata-sections -std=gnu99 -funsigned-char -funsigned-bitfields -mmcu=atmega32 -DF_CPU=8000000UL -MMD -MP -MF"main.d" -MT"main.o" -c -o "main.o" "../main.c"
In file included from ../main.c:9:
c:/users/mgismail/desktop/personal development/embbedded system/imt es diploma/imt_sdk_win_64/winavr/lib/gcc/../../avr/include/util/delay.h:90:3: warning: #warning "Compiler optimizations disabled; functions from <util/delay.h> won't work as designed"
../main.c: In function 'main':
../main.c:37: warning: array subscript has type 'char'
../main.c:38: warning: array subscript has type 'char'
../main.c: In function 'loading':
../main.c:50: warning: excess elements in array initializer
../main.c:50: warning: (near initialization for '_7Seg_loading_array_Right')
../main.c:51: warning: excess elements in array initializer
../main.c:51: warning: (near initialization for '_7Seg_loading_array_Left')
../main.c:58: warning: array subscript has type 'char'
../main.c:64: warning: array subscript has type 'char'
Finished building: ../main.c
 
Building target: DIO_7Segment.elf
Invoking: AVR C Linker
avr-gcc -Wl,-Map,DIO_7Segment.map -mmcu=atmega32 -o "DIO_7Segment.elf"  ./main.o   
Finished building target: DIO_7Segment.elf
 
Invoking: AVR Create Extended Listing
avr-objdump -h -S DIO_7Segment.elf  >"DIO_7Segment.lss"
Finished building: DIO_7Segment.lss
 
Create Flash image (ihex format)
avr-objcopy -R .eeprom -R .fuse -R .lock -R .signature -O ihex DIO_7Segment.elf  "DIO_7Segment.hex"
Finished building: DIO_7Segment.hex
 
Invoking: Print Size
avr-size --format=avr --mcu=atmega32 DIO_7Segment.elf
AVR Memory Usage
----------------
Device: atmega32

Program:    4452 bytes (13.6% Full)
(.text + .data + .bootloader)

Data:         24 bytes (1.2% Full)
(.data + .bss + .noinit)


Finished building: sizedummy
 

01:24:52 Build Finished (took 1s.294ms)

