10:36:03 **** Incremental Build of configuration Debug for project DIO_LEDs ****
make all 
Building file: ../main.c
Invoking: AVR Compiler
avr-gcc -Wall -g2 -gstabs -O0 -fpack-struct -fshort-enums -ffunction-sections -fdata-sections -std=gnu99 -funsigned-char -funsigned-bitfields -mmcu=atmega32 -DF_CPU=8000000UL -MMD -MP -MF"main.d" -MT"main.o" -c -o "main.o" "../main.c"
In file included from ../main.c:9:
c:/users/mgismail/desktop/personal development/embbedded system/imt es diploma/imt_sdk_win_64/winavr/lib/gcc/../../avr/include/util/delay.h:90:3: warning: #warning "Compiler optimizations disabled; functions from <util/delay.h> won't work as designed"
Finished building: ../main.c
 
Building target: DIO_LEDs.elf
Invoking: AVR C Linker
avr-gcc -Wl,-Map,DIO_LEDs.map -mmcu=atmega32 -o "DIO_LEDs.elf"  ./main.o   
Finished building target: DIO_LEDs.elf
 
Invoking: AVR Create Extended Listing
avr-objdump -h -S DIO_LEDs.elf  >"DIO_LEDs.lss"
Finished building: DIO_LEDs.lss
 
Create Flash image (ihex format)
avr-objcopy -R .eeprom -R .fuse -R .lock -R .signature -O ihex DIO_LEDs.elf  "DIO_LEDs.hex"
Finished building: DIO_LEDs.hex
 
Invoking: Print Size
avr-size --format=avr --mcu=atmega32 DIO_LEDs.elf
AVR Memory Usage
----------------
Device: atmega32

Program:    3694 bytes (11.3% Full)
(.text + .data + .bootloader)

Data:          8 bytes (0.4% Full)
(.data + .bss + .noinit)


Finished building: sizedummy
 

10:36:16 Build Finished (took 13s.74ms)

