19:16:36 **** Incremental Build of configuration Debug for project LCD_16x2 ****
make all 
Building file: ../LCD_Program.c
Invoking: AVR Compiler
avr-gcc -Wall -g2 -gstabs -O0 -fpack-struct -fshort-enums -ffunction-sections -fdata-sections -std=gnu99 -funsigned-char -funsigned-bitfields -mmcu=atmega32 -DF_CPU=8000000UL -MMD -MP -MF"LCD_Program.d" -MT"LCD_Program.o" -c -o "LCD_Program.o" "../LCD_Program.c"
In file included from ../LCD_Program.c:15:
c:/users/mgismail/desktop/personal development/embbedded system/imt es diploma/imt_sdk_win_64/winavr/lib/gcc/../../avr/include/util/delay.h:90:3: warning: #warning "Compiler optimizations disabled; functions from <util/delay.h> won't work as designed"
Finished building: ../LCD_Program.c
 
Building target: LCD_16x2.elf
Invoking: AVR C Linker
avr-gcc -Wl,-Map,LCD_16x2.map -mmcu=atmega32 -o "LCD_16x2.elf"  ./DIO_Program.o ./LCD_Program.o ./LED_Program.o ./SevSeg2x1_Program.o ./main.o   
Finished building target: LCD_16x2.elf
 
Invoking: AVR Create Extended Listing
avr-objdump -h -S LCD_16x2.elf  >"LCD_16x2.lss"
Finished building: LCD_16x2.lss
 
Create Flash image (ihex format)
avr-objcopy -R .eeprom -R .fuse -R .lock -R .signature -O ihex LCD_16x2.elf  "LCD_16x2.hex"
Finished building: LCD_16x2.hex
 
Invoking: Print Size
avr-size --format=avr --mcu=atmega32 LCD_16x2.elf
AVR Memory Usage
----------------
Device: atmega32

Program:   15434 bytes (47.1% Full)
(.text + .data + .bootloader)

Data:        272 bytes (13.3% Full)
(.data + .bss + .noinit)


Finished building: sizedummy
 

19:16:45 Build Finished (took 9s.462ms)

