21:26:01 **** Incremental Build of configuration Debug for project Traffic_control ****
make all 
Building file: ../main.c
Invoking: AVR Compiler
avr-gcc -Wall -g2 -gstabs -O0 -fpack-struct -fshort-enums -ffunction-sections -fdata-sections -std=gnu99 -funsigned-char -funsigned-bitfields -mmcu=atmega32 -DF_CPU=8000000UL -MMD -MP -MF"main.d" -MT"main.o" -c -o "main.o" "../main.c"
In file included from ../main.c:9:
c:/users/mgismail/desktop/personal development/embbedded system/imt es diploma/imt_sdk_win_64/winavr/lib/gcc/../../avr/include/util/delay.h:90:3: warning: #warning "Compiler optimizations disabled; functions from <util/delay.h> won't work as designed"
Finished building: ../main.c
 
Building target: Traffic_control.elf
Invoking: AVR C Linker
avr-gcc -Wl,-Map,Traffic_control.map -mmcu=atmega32 -o "Traffic_control.elf"  ./main.o   
Finished building target: Traffic_control.elf
 
Invoking: AVR Create Extended Listing
avr-objdump -h -S Traffic_control.elf  >"Traffic_control.lss"
Finished building: Traffic_control.lss
 
Create Flash image (ihex format)
avr-objcopy -R .eeprom -R .fuse -R .lock -R .signature -O ihex Traffic_control.elf  "Traffic_control.hex"
Finished building: Traffic_control.hex
 
Invoking: Print Size
avr-size --format=avr --mcu=atmega32 Traffic_control.elf
AVR Memory Usage
----------------
Device: atmega32

Program:    3974 bytes (12.1% Full)
(.text + .data + .bootloader)

Data:         18 bytes (0.9% Full)
(.data + .bss + .noinit)


Finished building: sizedummy
 

21:26:17 Build Finished (took 15s.810ms)

